<?xml version="1.0" encoding="UTF-8"?>
<testsuite name="com.ebay.tests.SearchItemTest" tests="1" skipped="0" failures="1" errors="0" timestamp="2023-07-14T13:30:05" hostname="DESKTOP-OS617JJ" time="12.146">
  <properties/>
  <testcase name="searchItem" classname="com.ebay.tests.SearchItemTest" time="12.146">
    <failure message="java.lang.AssertionError: expected [true] but found [false]" type="java.lang.AssertionError">java.lang.AssertionError: expected [true] but found [false]
	at org.testng.Assert.fail(Assert.java:111)
	at org.testng.Assert.failNotEquals(Assert.java:1578)
	at org.testng.Assert.assertTrue(Assert.java:57)
	at org.testng.Assert.assertTrue(Assert.java:67)
	at com.ebay.tests.SearchItemTest.searchItem(SearchItemTest.java:38)
	at java.base/jdk.internal.reflect.NativeMethodAccessorImpl.invoke0(Native Method)
	at java.base/jdk.internal.reflect.NativeMethodAccessorImpl.invoke(NativeMethodAccessorImpl.java:77)
	at java.base/jdk.internal.reflect.DelegatingMethodAccessorImpl.invoke(DelegatingMethodAccessorImpl.java:43)
	at java.base/java.lang.reflect.Method.invoke(Method.java:568)
	at org.testng.internal.invokers.MethodInvocationHelper.invokeMethod(MethodInvocationHelper.java:139)
	at org.testng.internal.invokers.TestInvoker.invokeMethod(TestInvoker.java:664)
	at org.testng.internal.invokers.TestInvoker.invokeTestMethod(TestInvoker.java:227)
	at org.testng.internal.invokers.MethodRunner.runInSequence(MethodRunner.java:50)
	at org.testng.internal.invokers.TestInvoker$MethodInvocationAgent.invoke(TestInvoker.java:957)
	at org.testng.internal.invokers.TestInvoker.invokeTestMethods(TestInvoker.java:200)
	at org.testng.internal.invokers.TestMethodWorker.invokeTestMethods(TestMethodWorker.java:148)
	at org.testng.internal.invokers.TestMethodWorker.run(TestMethodWorker.java:128)
	at java.base/java.util.ArrayList.forEach(ArrayList.java:1511)
	at org.testng.TestRunner.privateRun(TestRunner.java:848)
	at org.testng.TestRunner.run(TestRunner.java:621)
	at org.testng.SuiteRunner.runTest(SuiteRunner.java:443)
	at org.testng.SuiteRunner.runSequentially(SuiteRunner.java:437)
	at org.testng.SuiteRunner.privateRun(SuiteRunner.java:397)
	at org.testng.SuiteRunner.run(SuiteRunner.java:336)
	at org.testng.SuiteRunnerWorker.runSuite(SuiteRunnerWorker.java:52)
	at org.testng.SuiteRunnerWorker.run(SuiteRunnerWorker.java:95)
	at org.testng.TestNG.runSuitesSequentially(TestNG.java:1280)
	at org.testng.TestNG.runSuitesLocally(TestNG.java:1200)
	at org.testng.TestNG.runSuites(TestNG.java:1114)
	at org.testng.TestNG.run(TestNG.java:1082)
	at org.gradle.api.internal.tasks.testing.testng.TestNGTestClassProcessor.runTests(TestNGTestClassProcessor.java:145)
	at org.gradle.api.internal.tasks.testing.testng.TestNGTestClassProcessor.stop(TestNGTestClassProcessor.java:92)
	at org.gradle.api.internal.tasks.testing.SuiteTestClassProcessor.stop(SuiteTestClassProcessor.java:62)
	at java.base/jdk.internal.reflect.NativeMethodAccessorImpl.invoke0(Native Method)
	at java.base/jdk.internal.reflect.NativeMethodAccessorImpl.invoke(NativeMethodAccessorImpl.java:77)
	at java.base/jdk.internal.reflect.DelegatingMethodAccessorImpl.invoke(DelegatingMethodAccessorImpl.java:43)
	at java.base/java.lang.reflect.Method.invoke(Method.java:568)
	at org.gradle.internal.dispatch.ReflectionDispatch.dispatch(ReflectionDispatch.java:36)
	at org.gradle.internal.dispatch.ReflectionDispatch.dispatch(ReflectionDispatch.java:24)
	at org.gradle.internal.dispatch.ContextClassLoaderDispatch.dispatch(ContextClassLoaderDispatch.java:33)
	at org.gradle.internal.dispatch.ProxyDispatchAdapter$DispatchingInvocationHandler.invoke(ProxyDispatchAdapter.java:94)
	at jdk.proxy1/jdk.proxy1.$Proxy2.stop(Unknown Source)
	at org.gradle.api.internal.tasks.testing.worker.TestWorker$3.run(TestWorker.java:193)
	at org.gradle.api.internal.tasks.testing.worker.TestWorker.executeAndMaintainThreadName(TestWorker.java:129)
	at org.gradle.api.internal.tasks.testing.worker.TestWorker.execute(TestWorker.java:100)
	at org.gradle.api.internal.tasks.testing.worker.TestWorker.execute(TestWorker.java:60)
	at org.gradle.process.internal.worker.child.ActionExecutionWorker.execute(ActionExecutionWorker.java:56)
	at org.gradle.process.internal.worker.child.SystemApplicationClassLoaderWorker.call(SystemApplicationClassLoaderWorker.java:113)
	at org.gradle.process.internal.worker.child.SystemApplicationClassLoaderWorker.call(SystemApplicationClassLoaderWorker.java:65)
	at worker.org.gradle.process.internal.worker.GradleWorkerMain.run(GradleWorkerMain.java:69)
	at worker.org.gradle.process.internal.worker.GradleWorkerMain.main(GradleWorkerMain.java:74)
</failure>
  </testcase>
  <system-out><![CDATA[15:30:05.096 [Test worker] INFO  com.ebay.fw.MyListener -- Before method find element ---> By.xpath: (//a[.='Elektronik'])[1]
15:30:05.232 [Test worker] INFO  com.ebay.fw.MyListener -- Location of element is (238, 118)
15:30:07.057 [Test worker] INFO  com.ebay.fw.MyListener -- Before method find element ---> By.cssSelector: .b-visualnav__tile:nth-child(1)
15:30:07.200 [Test worker] INFO  com.ebay.fw.MyListener -- Location of element is (244, 643)
15:30:10.149 [Test worker] INFO  com.ebay.fw.MyListener -- Before method find element ---> By.cssSelector: .b-visualnav__tile:nth-child(1)
15:30:10.714 [Test worker] INFO  com.ebay.fw.MyListener -- Location of element is (244, 657)
15:30:13.527 [Test worker] INFO  com.ebay.fw.MyListener -- Before method find element ---> By.cssSelector: .s-item:nth-child(2) h3
15:30:13.776 [Test worker] INFO  com.ebay.fw.MyListener -- Location of element is (480, 2647)
Apple iPhone 12 - 128GB - Schwarz (Ohne Simlock)
15:30:13.802 [Test worker] INFO  com.ebay.fw.MyListener -- Before method find element ---> By.id: gh-ac
15:30:13.855 [Test worker] INFO  com.ebay.fw.MyListener -- Location of element is (257, 49)
15:30:14.001 [Test worker] INFO  com.ebay.fw.MyListener -- Before method find element ---> By.id: gh-ac
15:30:14.108 [Test worker] INFO  com.ebay.fw.MyListener -- Location of element is (257, 49)
15:30:14.154 [Test worker] INFO  com.ebay.fw.MyListener -- Before method find element ---> By.id: gh-ac
15:30:14.209 [Test worker] INFO  com.ebay.fw.MyListener -- Location of element is (257, 49)
15:30:14.406 [Test worker] INFO  com.ebay.fw.MyListener -- Before method find element ---> By.id: gh-btn
15:30:14.465 [Test worker] INFO  com.ebay.fw.MyListener -- Location of element is (1010, 47)
15:30:14.937 [Test worker] INFO  com.ebay.fw.MyListener -- Before method find element ---> By.xpath: //ul/li/div/div[2]/a/div/span
15:30:17.200 [Test worker] INFO  com.ebay.fw.MyListener -- Location of element is (509, 237)
NEUES ANGEBOTApple iPhone 12 GSM + CDMA 128GB - Schwarz (Ohne Simlock) 6,1" OLED Display
]]></system-out>
  <system-err><![CDATA[]]></system-err>
</testsuite>
